Using pre-set license
Built from '2021.3/staging' branch; Version is '2021.3.11f1 (0a5ca18544bf) revision 679073'; Using compiler version '192829333'; Build Type 'Release'
OS: 'Windows 11  (10.0.22621) 64bit Core' Language: 'fr' Physical Memory: 14181 MB
BatchMode: 1, IsHumanControllingUs: 0, StartBugReporterOnCrash: 0, Is64bit: 1, IsPro: 1

COMMAND LINE ARGUMENTS:
C:\Program Files\Unity\Hub\Editor\2021.3.11f1\Editor\Unity.exe
-adb2
-batchMode
-noUpm
-name
AssetImportWorker2
-projectPath
C:/Users/thomt/OneDrive/Bureau/sec5_FAT_NewProjetFinal
-logFile
Logs/AssetImportWorker2.log
-srvPort
49197
Successfully changed project path to: C:/Users/thomt/OneDrive/Bureau/sec5_FAT_NewProjetFinal
C:/Users/thomt/OneDrive/Bureau/sec5_FAT_NewProjetFinal
[UnityMemory] Configuration Parameters - Can be set up in boot.config
    "memorysetup-bucket-allocator-granularity=16"
    "memorysetup-bucket-allocator-bucket-count=8"
    "memorysetup-bucket-allocator-block-size=33554432"
    "memorysetup-bucket-allocator-block-count=8"
    "memorysetup-main-allocator-block-size=16777216"
    "memorysetup-thread-allocator-block-size=16777216"
    "memorysetup-gfx-main-allocator-block-size=16777216"
    "memorysetup-gfx-thread-allocator-block-size=16777216"
    "memorysetup-cache-allocator-block-size=4194304"
    "memorysetup-typetree-allocator-block-size=2097152"
    "memorysetup-profiler-bucket-allocator-granularity=16"
    "memorysetup-profiler-bucket-allocator-bucket-count=8"
    "memorysetup-profiler-bucket-allocator-block-size=33554432"
    "memorysetup-profiler-bucket-allocator-block-count=8"
    "memorysetup-profiler-allocator-block-size=16777216"
    "memorysetup-profiler-editor-allocator-block-size=1048576"
    "memorysetup-temp-allocator-size-main=16777216"
    "memorysetup-job-temp-allocator-block-size=2097152"
    "memorysetup-job-temp-allocator-block-size-background=1048576"
    "memorysetup-job-temp-allocator-reduction-small-platforms=262144"
    "memorysetup-temp-allocator-size-background-worker=32768"
    "memorysetup-temp-allocator-size-job-worker=262144"
    "memorysetup-temp-allocator-size-preload-manager=33554432"
    "memorysetup-temp-allocator-size-nav-mesh-worker=65536"
    "memorysetup-temp-allocator-size-audio-worker=65536"
    "memorysetup-temp-allocator-size-cloud-worker=32768"
    "memorysetup-temp-allocator-size-gi-baking-worker=262144"
    "memorysetup-temp-allocator-size-gfx=262144"
Refreshing native plugins compatible for Editor in 105.47 ms, found 3 plugins.
Preloading 0 native plugins for Editor in 0.00 ms.
Initialize engine version: 2021.3.11f1 (0a5ca18544bf)
[Subsystems] Discovering subsystems at path C:/Program Files/Unity/Hub/Editor/2021.3.11f1/Editor/Data/Resources/UnitySubsystems
[Subsystems] Discovering subsystems at path C:/Users/thomt/OneDrive/Bureau/sec5_FAT_NewProjetFinal/Assets
GfxDevice: creating device client; threaded=0; jobified=0
Direct3D:
    Version:  Direct3D 11.0 [level 11.1]
    Renderer: AMD Radeon (TM) Graphics (ID=0x15e7)
    Vendor:   ATI
    VRAM:     7090 MB
    Driver:   30.0.14052.13001
Initialize mono
Mono path[0] = 'C:/Program Files/Unity/Hub/Editor/2021.3.11f1/Editor/Data/Managed'
Mono path[1] = 'C:/Program Files/Unity/Hub/Editor/2021.3.11f1/Editor/Data/MonoBleedingEdge/lib/mono/unityjit-win32'
Mono config path = 'C:/Program Files/Unity/Hub/Editor/2021.3.11f1/Editor/Data/MonoBleedingEdge/etc'
Using monoOptions --debugger-agent=transport=dt_socket,embedding=1,server=y,suspend=n,address=127.0.0.1:56740
Begin MonoManager ReloadAssembly
Registering precompiled unity dll's ...
Register platform support module: C:/Program Files/Unity/Hub/Editor/2021.3.11f1/Editor/Data/PlaybackEngines/WindowsStandaloneSupport/UnityEditor.WindowsStandalone.Extensions.dll
Registered in 0.009312 seconds.
Native extension for WindowsStandalone target not found
Refreshing native plugins compatible for Editor in 107.45 ms, found 3 plugins.
Preloading 0 native plugins for Editor in 0.00 ms.
Mono: successfully reloaded assembly
- Completed reload, in  0.796 seconds
Domain Reload Profiling:
	ReloadAssembly (797ms)
		BeginReloadAssembly (95ms)
			ExecutionOrderSort (0ms)
			DisableScriptedObjects (0ms)
			BackupInstance (0ms)
			ReleaseScriptingObjects (0ms)
			CreateAndSetChildDomain (1ms)
		EndReloadAssembly (565ms)
			LoadAssemblies (91ms)
			RebuildTransferFunctionScriptingTraits (0ms)
			SetupTypeCache (122ms)
			ReleaseScriptCaches (0ms)
			RebuildScriptCaches (32ms)
			SetupLoadedEditorAssemblies (337ms)
				LogAssemblyErrors (0ms)
				InitializePlatformSupportModulesInManaged (7ms)
				SetLoadedEditorAssemblies (0ms)
				RefreshPlugins (108ms)
				BeforeProcessingInitializeOnLoad (2ms)
				ProcessInitializeOnLoadAttributes (160ms)
				ProcessInitializeOnLoadMethodAttributes (61ms)
				AfterProcessingInitializeOnLoad (0ms)
				EditorAssembliesLoaded (0ms)
			ExecutionOrderSort2 (0ms)
			AwakeInstancesAfterBackupRestoration (0ms)
Platform modules already initialized, skipping
Registering precompiled user dll's ...
Registered in 0.013577 seconds.
Begin MonoManager ReloadAssembly
Symbol file LoadedFromMemory doesn't match image C:\Users\thomt\OneDrive\Bureau\sec5_FAT_NewProjetFinal\Library\PackageCache\com.unity.visualscripting@1.7.8\Editor\VisualScripting.Core\Dependencies\YamlDotNet\Unity.VisualScripting.YamlDotNet.dll
Symbol file LoadedFromMemory doesn't match image C:\Users\thomt\OneDrive\Bureau\sec5_FAT_NewProjetFinal\Library\PackageCache\com.unity.visualscripting@1.7.8\Editor\VisualScripting.Core\Dependencies\DotNetZip\Unity.VisualScripting.IonicZip.dll
Native extension for WindowsStandalone target not found
Refreshing native plugins compatible for Editor in 1.03 ms, found 3 plugins.
Preloading 0 native plugins for Editor in 0.00 ms.
Mono: successfully reloaded assembly
- Completed reload, in  1.335 seconds
Domain Reload Profiling:
	ReloadAssembly (1336ms)
		BeginReloadAssembly (138ms)
			ExecutionOrderSort (0ms)
			DisableScriptedObjects (8ms)
			BackupInstance (0ms)
			ReleaseScriptingObjects (0ms)
			CreateAndSetChildDomain (26ms)
		EndReloadAssembly (1061ms)
			LoadAssemblies (96ms)
			RebuildTransferFunctionScriptingTraits (0ms)
			SetupTypeCache (276ms)
			ReleaseScriptCaches (1ms)
			RebuildScriptCaches (86ms)
			SetupLoadedEditorAssemblies (565ms)
				LogAssemblyErrors (0ms)
				InitializePlatformSupportModulesInManaged (6ms)
				SetLoadedEditorAssemblies (0ms)
				RefreshPlugins (1ms)
				BeforeProcessingInitializeOnLoad (99ms)
				ProcessInitializeOnLoadAttributes (410ms)
				ProcessInitializeOnLoadMethodAttributes (38ms)
				AfterProcessingInitializeOnLoad (10ms)
				EditorAssembliesLoaded (0ms)
			ExecutionOrderSort2 (0ms)
			AwakeInstancesAfterBackupRestoration (7ms)
Platform modules already initialized, skipping
========================================================================
Worker process is ready to serve import requests
Launched and connected shader compiler UnityShaderCompiler.exe after 0.07 seconds
Refreshing native plugins compatible for Editor in 2.51 ms, found 3 plugins.
Preloading 0 native plugins for Editor in 0.00 ms.
Unloading 4062 Unused Serialized files (Serialized files now loaded: 0)
Unloading 37 unused Assets / (0.7 MB). Loaded Objects now: 4554.
Memory consumption went from 163.9 MB to 163.1 MB.
Total: 6.456400 ms (FindLiveObjects: 0.583400 ms CreateObjectMapping: 0.621300 ms MarkObjects: 4.636800 ms  DeleteObjects: 0.613000 ms)

AssetImportParameters requested are different than current active one (requested -> active):
  custom:video-decoder-ogg-theora: a1e56fd34408186e4bbccfd4996cb3dc -> 
  custom:container-muxer-webm: aa71ff27fc2769a1b78a27578f13a17b -> 
  custom:container-demuxer-webm: 4f35f7cbe854078d1ac9338744f61a02 -> 
  custom:video-encoder-webm-vp8: eb34c28f22e8b96e1ab97ce403110664 -> 
  custom:video-codec-MediaFoundation-h265: 746d11721c4dcdbdad8f713fa42b33f4 -> 
  custom:audio-encoder-webm-vorbis: bf7c407c2cedff20999df2af8eb42d56 -> 
  custom:framework-win-MediaFoundation: 216162199b28c13a410421893ffa2e32 -> 
  custom:container-demuxer-ogg: 62fdf1f143b41e24485cea50d1cbac27 -> 
  custom:video-decoder-webm-vp8: 9c59270c3fd7afecdb556c50c9e8de78 -> 
  custom:audio-decoder-ogg-vorbis: bf7c407c2cedff20999df2af8eb42d56 -> 
  custom:postprocessor/texturePreprocessor: 1909f56bfc062723c751e8b465ee728b -> fddcce16fbbf6d421052106c73ec1ddb
========================================================================
Received Import Request.
  Time since last request: 61367.133207 seconds.
  path: Assets/-TheGame/Level_1.unity
  artifactKey: Guid(aac738b951037458785b49732a5e6c20) Importer(815301076,1909f56bfc062723c751e8b465ee728b)
Start importing Assets/-TheGame/Level_1.unity using Guid(aac738b951037458785b49732a5e6c20) Importer(815301076,1909f56bfc062723c751e8b465ee728b)  -> (artifact id: 'a9bb1db609095313a6a2a70640536d94') in 0.016244 seconds 
========================================================================
Received Import Request.
  Time since last request: 9.210991 seconds.
  path: Assets/-TheGame/Test/LightingData.asset
  artifactKey: Guid(54234d18bc164174a852933f6fd2030e) Importer(815301076,1909f56bfc062723c751e8b465ee728b)
Start importing Assets/-TheGame/Test/LightingData.asset using Guid(54234d18bc164174a852933f6fd2030e) Importer(815301076,1909f56bfc062723c751e8b465ee728b) Lighting data asset ‘LightingData’ is incompatible with the current Unity version. Please use Generate Lighting to rebuild the lighting data. Realtime Global Illumination cannot be used until the lighting data is rebuilt.
Lighting data asset ‘LightingData’ is incompatible with the current Unity version because the scene it was baked for was not serialized. Please use Generate Lighting to rebuild the lighting data, or assign the target scene to the Lighting Data Asset in the inspector.
 -> (artifact id: 'ab77cfdb0bb661c28d2bba882beef360') in 0.065790 seconds 
========================================================================
Received Import Request.
  Time since last request: 3.129642 seconds.
  path: Assets/-TheGame/FunAI/AI_Golem.prefab
  artifactKey: Guid(d8b50fa5e6433e24bb20dae7a64a221a) Importer(815301076,1909f56bfc062723c751e8b465ee728b)
Start importing Assets/-TheGame/FunAI/AI_Golem.prefab using Guid(d8b50fa5e6433e24bb20dae7a64a221a) Importer(815301076,1909f56bfc062723c751e8b465ee728b)  -> (artifact id: 'be1ab8fb59c86e2ae0187f04f36df0dd') in 0.424932 seconds 
========================================================================
Received Import Request.
  Time since last request: 0.000070 seconds.
  path: Assets/-TheGame/FunAI/HealthBar.png
  artifactKey: Guid(d42827288ea2ef543a94d0ff8591551c) Importer(815301076,1909f56bfc062723c751e8b465ee728b)
Start importing Assets/-TheGame/FunAI/HealthBar.png using Guid(d42827288ea2ef543a94d0ff8591551c) Importer(815301076,1909f56bfc062723c751e8b465ee728b)  -> (artifact id: '03d8b45644e5db712075da7ca97e7ef3') in 0.131529 seconds 
========================================================================
Received Import Request.
  Time since last request: 2.838227 seconds.
  path: Assets/-TheGame/FunAI/EnemyAIController.controller
  artifactKey: Guid(c1697f983e7bd2c47b25e26bba6cccba) Importer(815301076,1909f56bfc062723c751e8b465ee728b)
Start importing Assets/-TheGame/FunAI/EnemyAIController.controller using Guid(c1697f983e7bd2c47b25e26bba6cccba) Importer(815301076,1909f56bfc062723c751e8b465ee728b)  -> (artifact id: '5eea033db22733686e767ed86745bce3') in 0.009482 seconds 
========================================================================
Received Import Request.
  Time since last request: 7.047656 seconds.
  path: Assets/-TheGame/Scripts
  artifactKey: Guid(c3acae204689cd244a81b9e041ba85e0) Importer(815301076,1909f56bfc062723c751e8b465ee728b)
Start importing Assets/-TheGame/Scripts using Guid(c3acae204689cd244a81b9e041ba85e0) Importer(815301076,1909f56bfc062723c751e8b465ee728b)  -> (artifact id: '97bfc53de5c6a2dcbd9165c949deb809') in 0.003964 seconds 
========================================================================
Received Import Request.
  Time since last request: 2.234843 seconds.
  path: Assets/-TheGame/Scripts/AutoDestroy.cs
  artifactKey: Guid(dd9e354d3609f9d49b000d05b810eff7) Importer(815301076,1909f56bfc062723c751e8b465ee728b)
Start importing Assets/-TheGame/Scripts/AutoDestroy.cs using Guid(dd9e354d3609f9d49b000d05b810eff7) Importer(815301076,1909f56bfc062723c751e8b465ee728b)  -> (artifact id: '425b8737f59497b334067b7d751b3382') in 0.015373 seconds 
========================================================================
Received Import Request.
  Time since last request: 1.706482 seconds.
  path: Assets/-TheGame/Scripts/ZeTeleporter.cs
  artifactKey: Guid(2ca5a40ad94f1c44bb897e7fd9ed6c42) Importer(815301076,1909f56bfc062723c751e8b465ee728b)
Start importing Assets/-TheGame/Scripts/ZeTeleporter.cs using Guid(2ca5a40ad94f1c44bb897e7fd9ed6c42) Importer(815301076,1909f56bfc062723c751e8b465ee728b)  -> (artifact id: 'c0cad5b74e9acd6f78804b602ee4b483') in 0.003036 seconds 
========================================================================
Received Import Request.
  Time since last request: 2.266420 seconds.
  path: Assets/-TheGame/Scripts/HighScore.cs
  artifactKey: Guid(80b904ebc23330d4094a2ca322029cc4) Importer(815301076,1909f56bfc062723c751e8b465ee728b)
Start importing Assets/-TheGame/Scripts/HighScore.cs using Guid(80b904ebc23330d4094a2ca322029cc4) Importer(815301076,1909f56bfc062723c751e8b465ee728b)  -> (artifact id: '44b7915a041f948977c225ace44576e1') in 0.002830 seconds 
