Using pre-set license
Built from '2021.3/staging' branch; Version is '2021.3.11f1 (0a5ca18544bf) revision 679073'; Using compiler version '192829333'; Build Type 'Release'
OS: 'Windows 11  (10.0.22621) 64bit Core' Language: 'fr' Physical Memory: 14181 MB
BatchMode: 1, IsHumanControllingUs: 0, StartBugReporterOnCrash: 0, Is64bit: 1, IsPro: 1

COMMAND LINE ARGUMENTS:
C:\Program Files\Unity\Hub\Editor\2021.3.11f1\Editor\Unity.exe
-adb2
-batchMode
-noUpm
-name
AssetImportWorker1
-projectPath
C:/Users/thomt/OneDrive/Bureau/sec5_FAT_NewProjetFinal
-logFile
Logs/AssetImportWorker1.log
-srvPort
49197
Successfully changed project path to: C:/Users/thomt/OneDrive/Bureau/sec5_FAT_NewProjetFinal
C:/Users/thomt/OneDrive/Bureau/sec5_FAT_NewProjetFinal
[UnityMemory] Configuration Parameters - Can be set up in boot.config
    "memorysetup-bucket-allocator-granularity=16"
    "memorysetup-bucket-allocator-bucket-count=8"
    "memorysetup-bucket-allocator-block-size=33554432"
    "memorysetup-bucket-allocator-block-count=8"
    "memorysetup-main-allocator-block-size=16777216"
    "memorysetup-thread-allocator-block-size=16777216"
    "memorysetup-gfx-main-allocator-block-size=16777216"
    "memorysetup-gfx-thread-allocator-block-size=16777216"
    "memorysetup-cache-allocator-block-size=4194304"
    "memorysetup-typetree-allocator-block-size=2097152"
    "memorysetup-profiler-bucket-allocator-granularity=16"
    "memorysetup-profiler-bucket-allocator-bucket-count=8"
    "memorysetup-profiler-bucket-allocator-block-size=33554432"
    "memorysetup-profiler-bucket-allocator-block-count=8"
    "memorysetup-profiler-allocator-block-size=16777216"
    "memorysetup-profiler-editor-allocator-block-size=1048576"
    "memorysetup-temp-allocator-size-main=16777216"
    "memorysetup-job-temp-allocator-block-size=2097152"
    "memorysetup-job-temp-allocator-block-size-background=1048576"
    "memorysetup-job-temp-allocator-reduction-small-platforms=262144"
    "memorysetup-temp-allocator-size-background-worker=32768"
    "memorysetup-temp-allocator-size-job-worker=262144"
    "memorysetup-temp-allocator-size-preload-manager=33554432"
    "memorysetup-temp-allocator-size-nav-mesh-worker=65536"
    "memorysetup-temp-allocator-size-audio-worker=65536"
    "memorysetup-temp-allocator-size-cloud-worker=32768"
    "memorysetup-temp-allocator-size-gi-baking-worker=262144"
    "memorysetup-temp-allocator-size-gfx=262144"
Refreshing native plugins compatible for Editor in 91.93 ms, found 3 plugins.
Preloading 0 native plugins for Editor in 0.00 ms.
Initialize engine version: 2021.3.11f1 (0a5ca18544bf)
[Subsystems] Discovering subsystems at path C:/Program Files/Unity/Hub/Editor/2021.3.11f1/Editor/Data/Resources/UnitySubsystems
[Subsystems] Discovering subsystems at path C:/Users/thomt/OneDrive/Bureau/sec5_FAT_NewProjetFinal/Assets
GfxDevice: creating device client; threaded=0; jobified=0
Direct3D:
    Version:  Direct3D 11.0 [level 11.1]
    Renderer: AMD Radeon (TM) Graphics (ID=0x15e7)
    Vendor:   ATI
    VRAM:     7090 MB
    Driver:   30.0.14052.13001
Initialize mono
Mono path[0] = 'C:/Program Files/Unity/Hub/Editor/2021.3.11f1/Editor/Data/Managed'
Mono path[1] = 'C:/Program Files/Unity/Hub/Editor/2021.3.11f1/Editor/Data/MonoBleedingEdge/lib/mono/unityjit-win32'
Mono config path = 'C:/Program Files/Unity/Hub/Editor/2021.3.11f1/Editor/Data/MonoBleedingEdge/etc'
Using monoOptions --debugger-agent=transport=dt_socket,embedding=1,server=y,suspend=n,address=127.0.0.1:56272
Begin MonoManager ReloadAssembly
Registering precompiled unity dll's ...
Register platform support module: C:/Program Files/Unity/Hub/Editor/2021.3.11f1/Editor/Data/PlaybackEngines/WindowsStandaloneSupport/UnityEditor.WindowsStandalone.Extensions.dll
Registered in 0.008137 seconds.
Native extension for WindowsStandalone target not found
Refreshing native plugins compatible for Editor in 100.95 ms, found 3 plugins.
Preloading 0 native plugins for Editor in 0.00 ms.
Mono: successfully reloaded assembly
- Completed reload, in  0.758 seconds
Domain Reload Profiling:
	ReloadAssembly (758ms)
		BeginReloadAssembly (119ms)
			ExecutionOrderSort (0ms)
			DisableScriptedObjects (0ms)
			BackupInstance (0ms)
			ReleaseScriptingObjects (0ms)
			CreateAndSetChildDomain (2ms)
		EndReloadAssembly (499ms)
			LoadAssemblies (115ms)
			RebuildTransferFunctionScriptingTraits (0ms)
			SetupTypeCache (101ms)
			ReleaseScriptCaches (0ms)
			RebuildScriptCaches (28ms)
			SetupLoadedEditorAssemblies (314ms)
				LogAssemblyErrors (0ms)
				InitializePlatformSupportModulesInManaged (11ms)
				SetLoadedEditorAssemblies (0ms)
				RefreshPlugins (101ms)
				BeforeProcessingInitializeOnLoad (1ms)
				ProcessInitializeOnLoadAttributes (153ms)
				ProcessInitializeOnLoadMethodAttributes (48ms)
				AfterProcessingInitializeOnLoad (0ms)
				EditorAssembliesLoaded (0ms)
			ExecutionOrderSort2 (0ms)
			AwakeInstancesAfterBackupRestoration (0ms)
Platform modules already initialized, skipping
Registering precompiled user dll's ...
Registered in 0.011839 seconds.
Begin MonoManager ReloadAssembly
Symbol file LoadedFromMemory doesn't match image C:\Users\thomt\OneDrive\Bureau\sec5_FAT_NewProjetFinal\Library\PackageCache\com.unity.visualscripting@1.7.8\Editor\VisualScripting.Core\Dependencies\YamlDotNet\Unity.VisualScripting.YamlDotNet.dll
Symbol file LoadedFromMemory doesn't match image C:\Users\thomt\OneDrive\Bureau\sec5_FAT_NewProjetFinal\Library\PackageCache\com.unity.visualscripting@1.7.8\Editor\VisualScripting.Core\Dependencies\DotNetZip\Unity.VisualScripting.IonicZip.dll
Native extension for WindowsStandalone target not found
Refreshing native plugins compatible for Editor in 1.09 ms, found 3 plugins.
Preloading 0 native plugins for Editor in 0.00 ms.
Mono: successfully reloaded assembly
- Completed reload, in  1.450 seconds
Domain Reload Profiling:
	ReloadAssembly (1451ms)
		BeginReloadAssembly (132ms)
			ExecutionOrderSort (0ms)
			DisableScriptedObjects (8ms)
			BackupInstance (0ms)
			ReleaseScriptingObjects (0ms)
			CreateAndSetChildDomain (26ms)
		EndReloadAssembly (1188ms)
			LoadAssemblies (125ms)
			RebuildTransferFunctionScriptingTraits (0ms)
			SetupTypeCache (289ms)
			ReleaseScriptCaches (1ms)
			RebuildScriptCaches (89ms)
			SetupLoadedEditorAssemblies (620ms)
				LogAssemblyErrors (0ms)
				InitializePlatformSupportModulesInManaged (7ms)
				SetLoadedEditorAssemblies (1ms)
				RefreshPlugins (1ms)
				BeforeProcessingInitializeOnLoad (108ms)
				ProcessInitializeOnLoadAttributes (447ms)
				ProcessInitializeOnLoadMethodAttributes (46ms)
				AfterProcessingInitializeOnLoad (11ms)
				EditorAssembliesLoaded (0ms)
			ExecutionOrderSort2 (0ms)
			AwakeInstancesAfterBackupRestoration (9ms)
Platform modules already initialized, skipping
========================================================================
Worker process is ready to serve import requests
Launched and connected shader compiler UnityShaderCompiler.exe after 0.07 seconds
Refreshing native plugins compatible for Editor in 1.27 ms, found 3 plugins.
Preloading 0 native plugins for Editor in 0.00 ms.
Unloading 4062 Unused Serialized files (Serialized files now loaded: 0)
Unloading 37 unused Assets / (0.7 MB). Loaded Objects now: 4554.
Memory consumption went from 163.9 MB to 163.1 MB.
Total: 5.438600 ms (FindLiveObjects: 0.668300 ms CreateObjectMapping: 0.410200 ms MarkObjects: 3.970100 ms  DeleteObjects: 0.388300 ms)

AssetImportParameters requested are different than current active one (requested -> active):
  custom:video-decoder-ogg-theora: a1e56fd34408186e4bbccfd4996cb3dc -> 
  custom:container-muxer-webm: aa71ff27fc2769a1b78a27578f13a17b -> 
  custom:container-demuxer-webm: 4f35f7cbe854078d1ac9338744f61a02 -> 
  custom:video-encoder-webm-vp8: eb34c28f22e8b96e1ab97ce403110664 -> 
  custom:video-codec-MediaFoundation-h265: 746d11721c4dcdbdad8f713fa42b33f4 -> 
  custom:audio-encoder-webm-vorbis: bf7c407c2cedff20999df2af8eb42d56 -> 
  custom:framework-win-MediaFoundation: 216162199b28c13a410421893ffa2e32 -> 
  custom:container-demuxer-ogg: 62fdf1f143b41e24485cea50d1cbac27 -> 
  custom:video-decoder-webm-vp8: 9c59270c3fd7afecdb556c50c9e8de78 -> 
  custom:audio-decoder-ogg-vorbis: bf7c407c2cedff20999df2af8eb42d56 -> 
  custom:postprocessor/texturePreprocessor: 1909f56bfc062723c751e8b465ee728b -> fddcce16fbbf6d421052106c73ec1ddb
========================================================================
Received Import Request.
  Time since last request: 61350.105609 seconds.
  path: Assets/_Import
  artifactKey: Guid(44fddbedd36ec4840bfe87743e09b038) Importer(815301076,1909f56bfc062723c751e8b465ee728b)
Start importing Assets/_Import using Guid(44fddbedd36ec4840bfe87743e09b038) Importer(815301076,1909f56bfc062723c751e8b465ee728b)  -> (artifact id: '8a6cc6b8710a76e3793e95d463b0916e') in 0.012996 seconds 
========================================================================
Received Import Request.
  Time since last request: 0.000030 seconds.
  path: Assets/-TheGame
  artifactKey: Guid(045b51512c12cc848bdf08581c2a0d32) Importer(815301076,1909f56bfc062723c751e8b465ee728b)
Start importing Assets/-TheGame using Guid(045b51512c12cc848bdf08581c2a0d32) Importer(815301076,1909f56bfc062723c751e8b465ee728b)  -> (artifact id: 'efb1e4646d876d15f30b0b5f952570d8') in 0.003097 seconds 
========================================================================
Received Import Request.
  Time since last request: 7.141636 seconds.
  path: Assets/_TerrainAutoUpgrade/layer_CliffAlbedoSpecular3d3aba195e4d26ee.terrainlayer
  artifactKey: Guid(0f4c8696268415143a6f6606d515c337) Importer(815301076,1909f56bfc062723c751e8b465ee728b)
Start importing Assets/_TerrainAutoUpgrade/layer_CliffAlbedoSpecular3d3aba195e4d26ee.terrainlayer using Guid(0f4c8696268415143a6f6606d515c337) Importer(815301076,1909f56bfc062723c751e8b465ee728b)  -> (artifact id: '01ff67bfd9cc87e5e428d80e9f6487ce') in 0.104708 seconds 
========================================================================
Received Import Request.
  Time since last request: 0.000035 seconds.
  path: Assets/_TerrainAutoUpgrade/layer_snow3d3aba195e4d26ee.terrainlayer
  artifactKey: Guid(2c8ebc2044fc57342aea3a26f7158f31) Importer(815301076,1909f56bfc062723c751e8b465ee728b)
Start importing Assets/_TerrainAutoUpgrade/layer_snow3d3aba195e4d26ee.terrainlayer using Guid(2c8ebc2044fc57342aea3a26f7158f31) Importer(815301076,1909f56bfc062723c751e8b465ee728b)  -> (artifact id: '748dd43581fe2d2296117d7b7b2914cb') in 0.011731 seconds 
========================================================================
Received Import Request.
  Time since last request: 0.000033 seconds.
  path: Assets/_TerrainAutoUpgrade/layer_grass3d3aba195e4d26ee.terrainlayer
  artifactKey: Guid(7df904afbb3171843a9d6c92da49938a) Importer(815301076,1909f56bfc062723c751e8b465ee728b)
Start importing Assets/_TerrainAutoUpgrade/layer_grass3d3aba195e4d26ee.terrainlayer using Guid(7df904afbb3171843a9d6c92da49938a) Importer(815301076,1909f56bfc062723c751e8b465ee728b)  -> (artifact id: '4efca34e5fd841e46dc27985b8206254') in 0.009375 seconds 
========================================================================
Received Import Request.
  Time since last request: 0.000036 seconds.
  path: Assets/_TerrainAutoUpgrade
  artifactKey: Guid(96b86227422a2ea4394f4fc6e9e46c61) Importer(815301076,1909f56bfc062723c751e8b465ee728b)
Start importing Assets/_TerrainAutoUpgrade using Guid(96b86227422a2ea4394f4fc6e9e46c61) Importer(815301076,1909f56bfc062723c751e8b465ee728b)  -> (artifact id: 'c75f0a591dc7a59bc1009b5eb6dfe370') in 0.003613 seconds 
========================================================================
Received Import Request.
  Time since last request: 0.000051 seconds.
  path: Assets/_TerrainAutoUpgrade/layer_Default-Particle3d3aba195e4d26ee.terrainlayer
  artifactKey: Guid(e43eb53629bde0a41ab91cb6f995470e) Importer(815301076,1909f56bfc062723c751e8b465ee728b)
Start importing Assets/_TerrainAutoUpgrade/layer_Default-Particle3d3aba195e4d26ee.terrainlayer using Guid(e43eb53629bde0a41ab91cb6f995470e) Importer(815301076,1909f56bfc062723c751e8b465ee728b)  -> (artifact id: 'a8debde8f2d5eea43f569d64f9c195f5') in 0.012187 seconds 
========================================================================
Received Import Request.
  Time since last request: 3.414322 seconds.
  path: Assets/_TrucsDuProf
  artifactKey: Guid(347559a61f979e44ea77ee8b8b92b889) Importer(815301076,1909f56bfc062723c751e8b465ee728b)
Start importing Assets/_TrucsDuProf using Guid(347559a61f979e44ea77ee8b8b92b889) Importer(815301076,1909f56bfc062723c751e8b465ee728b)  -> (artifact id: 'd661ee9d824d67c300afd54fff68add3') in 0.002615 seconds 
========================================================================
Received Import Request.
  Time since last request: 15.511788 seconds.
  path: Assets/-TheGame/Test
  artifactKey: Guid(0af923ab5a2987b4b9c7f2c10e273da6) Importer(815301076,1909f56bfc062723c751e8b465ee728b)
Start importing Assets/-TheGame/Test using Guid(0af923ab5a2987b4b9c7f2c10e273da6) Importer(815301076,1909f56bfc062723c751e8b465ee728b)  -> (artifact id: '9996b016031d66a3ee1d9bfec6af2193') in 0.006316 seconds 
========================================================================
Received Import Request.
  Time since last request: 3.166333 seconds.
  path: Assets/-TheGame/FunAI/AI_Kamikaze.prefab
  artifactKey: Guid(b90bd0f5ac49c08449d49a3d0a747a22) Importer(815301076,1909f56bfc062723c751e8b465ee728b)
Start importing Assets/-TheGame/FunAI/AI_Kamikaze.prefab using Guid(b90bd0f5ac49c08449d49a3d0a747a22) Importer(815301076,1909f56bfc062723c751e8b465ee728b)  -> (artifact id: 'b8acdd89296b43970d413528cbfe04e8') in 0.399880 seconds 
========================================================================
Received Import Request.
  Time since last request: 0.000031 seconds.
  path: Assets/-TheGame/FunAI/GO_Xplosion.prefab
  artifactKey: Guid(a6ae059835618cc41a59883e3ec9409b) Importer(815301076,1909f56bfc062723c751e8b465ee728b)
Start importing Assets/-TheGame/FunAI/GO_Xplosion.prefab using Guid(a6ae059835618cc41a59883e3ec9409b) Importer(815301076,1909f56bfc062723c751e8b465ee728b)  -> (artifact id: 'e74c22ed81fa66ed882927acc6ff4b8c') in 0.135600 seconds 
