Using pre-set license
Built from '2021.3/staging' branch; Version is '2021.3.11f1 (0a5ca18544bf) revision 679073'; Using compiler version '192829333'; Build Type 'Release'
OS: 'Windows 11  (10.0.22621) 64bit Core' Language: 'fr' Physical Memory: 14181 MB
BatchMode: 1, IsHumanControllingUs: 0, StartBugReporterOnCrash: 0, Is64bit: 1, IsPro: 1

COMMAND LINE ARGUMENTS:
C:\Program Files\Unity\Hub\Editor\2021.3.11f1\Editor\Unity.exe
-adb2
-batchMode
-noUpm
-name
AssetImportWorker0
-projectPath
C:/Users/thomt/OneDrive/Bureau/sec5_FAT_NewProjetFinal
-logFile
Logs/AssetImportWorker0.log
-srvPort
49197
Successfully changed project path to: C:/Users/thomt/OneDrive/Bureau/sec5_FAT_NewProjetFinal
C:/Users/thomt/OneDrive/Bureau/sec5_FAT_NewProjetFinal
[UnityMemory] Configuration Parameters - Can be set up in boot.config
    "memorysetup-bucket-allocator-granularity=16"
    "memorysetup-bucket-allocator-bucket-count=8"
    "memorysetup-bucket-allocator-block-size=33554432"
    "memorysetup-bucket-allocator-block-count=8"
    "memorysetup-main-allocator-block-size=16777216"
    "memorysetup-thread-allocator-block-size=16777216"
    "memorysetup-gfx-main-allocator-block-size=16777216"
    "memorysetup-gfx-thread-allocator-block-size=16777216"
    "memorysetup-cache-allocator-block-size=4194304"
    "memorysetup-typetree-allocator-block-size=2097152"
    "memorysetup-profiler-bucket-allocator-granularity=16"
    "memorysetup-profiler-bucket-allocator-bucket-count=8"
    "memorysetup-profiler-bucket-allocator-block-size=33554432"
    "memorysetup-profiler-bucket-allocator-block-count=8"
    "memorysetup-profiler-allocator-block-size=16777216"
    "memorysetup-profiler-editor-allocator-block-size=1048576"
    "memorysetup-temp-allocator-size-main=16777216"
    "memorysetup-job-temp-allocator-block-size=2097152"
    "memorysetup-job-temp-allocator-block-size-background=1048576"
    "memorysetup-job-temp-allocator-reduction-small-platforms=262144"
    "memorysetup-temp-allocator-size-background-worker=32768"
    "memorysetup-temp-allocator-size-job-worker=262144"
    "memorysetup-temp-allocator-size-preload-manager=33554432"
    "memorysetup-temp-allocator-size-nav-mesh-worker=65536"
    "memorysetup-temp-allocator-size-audio-worker=65536"
    "memorysetup-temp-allocator-size-cloud-worker=32768"
    "memorysetup-temp-allocator-size-gi-baking-worker=262144"
    "memorysetup-temp-allocator-size-gfx=262144"
Refreshing native plugins compatible for Editor in 92.04 ms, found 3 plugins.
Preloading 0 native plugins for Editor in 0.00 ms.
Initialize engine version: 2021.3.11f1 (0a5ca18544bf)
[Subsystems] Discovering subsystems at path C:/Program Files/Unity/Hub/Editor/2021.3.11f1/Editor/Data/Resources/UnitySubsystems
[Subsystems] Discovering subsystems at path C:/Users/thomt/OneDrive/Bureau/sec5_FAT_NewProjetFinal/Assets
GfxDevice: creating device client; threaded=0; jobified=0
Direct3D:
    Version:  Direct3D 11.0 [level 11.1]
    Renderer: AMD Radeon (TM) Graphics (ID=0x15e7)
    Vendor:   ATI
    VRAM:     7090 MB
    Driver:   30.0.14052.13001
Initialize mono
Mono path[0] = 'C:/Program Files/Unity/Hub/Editor/2021.3.11f1/Editor/Data/Managed'
Mono path[1] = 'C:/Program Files/Unity/Hub/Editor/2021.3.11f1/Editor/Data/MonoBleedingEdge/lib/mono/unityjit-win32'
Mono config path = 'C:/Program Files/Unity/Hub/Editor/2021.3.11f1/Editor/Data/MonoBleedingEdge/etc'
Using monoOptions --debugger-agent=transport=dt_socket,embedding=1,server=y,suspend=n,address=127.0.0.1:56164
Begin MonoManager ReloadAssembly
Registering precompiled unity dll's ...
Register platform support module: C:/Program Files/Unity/Hub/Editor/2021.3.11f1/Editor/Data/PlaybackEngines/WindowsStandaloneSupport/UnityEditor.WindowsStandalone.Extensions.dll
Registered in 0.009588 seconds.
Native extension for WindowsStandalone target not found
Refreshing native plugins compatible for Editor in 101.60 ms, found 3 plugins.
Preloading 0 native plugins for Editor in 0.00 ms.
Mono: successfully reloaded assembly
- Completed reload, in  0.761 seconds
Domain Reload Profiling:
	ReloadAssembly (762ms)
		BeginReloadAssembly (118ms)
			ExecutionOrderSort (0ms)
			DisableScriptedObjects (0ms)
			BackupInstance (0ms)
			ReleaseScriptingObjects (0ms)
			CreateAndSetChildDomain (1ms)
		EndReloadAssembly (506ms)
			LoadAssemblies (113ms)
			RebuildTransferFunctionScriptingTraits (0ms)
			SetupTypeCache (101ms)
			ReleaseScriptCaches (0ms)
			RebuildScriptCaches (27ms)
			SetupLoadedEditorAssemblies (315ms)
				LogAssemblyErrors (0ms)
				InitializePlatformSupportModulesInManaged (11ms)
				SetLoadedEditorAssemblies (0ms)
				RefreshPlugins (102ms)
				BeforeProcessingInitializeOnLoad (1ms)
				ProcessInitializeOnLoadAttributes (154ms)
				ProcessInitializeOnLoadMethodAttributes (47ms)
				AfterProcessingInitializeOnLoad (0ms)
				EditorAssembliesLoaded (0ms)
			ExecutionOrderSort2 (0ms)
			AwakeInstancesAfterBackupRestoration (0ms)
Platform modules already initialized, skipping
Registering precompiled user dll's ...
Registered in 0.014335 seconds.
Begin MonoManager ReloadAssembly
Symbol file LoadedFromMemory doesn't match image C:\Users\thomt\OneDrive\Bureau\sec5_FAT_NewProjetFinal\Library\PackageCache\com.unity.visualscripting@1.7.8\Editor\VisualScripting.Core\Dependencies\YamlDotNet\Unity.VisualScripting.YamlDotNet.dll
Symbol file LoadedFromMemory doesn't match image C:\Users\thomt\OneDrive\Bureau\sec5_FAT_NewProjetFinal\Library\PackageCache\com.unity.visualscripting@1.7.8\Editor\VisualScripting.Core\Dependencies\DotNetZip\Unity.VisualScripting.IonicZip.dll
Native extension for WindowsStandalone target not found
Refreshing native plugins compatible for Editor in 1.44 ms, found 3 plugins.
Preloading 0 native plugins for Editor in 0.00 ms.
Mono: successfully reloaded assembly
- Completed reload, in  1.445 seconds
Domain Reload Profiling:
	ReloadAssembly (1446ms)
		BeginReloadAssembly (135ms)
			ExecutionOrderSort (0ms)
			DisableScriptedObjects (7ms)
			BackupInstance (0ms)
			ReleaseScriptingObjects (0ms)
			CreateAndSetChildDomain (31ms)
		EndReloadAssembly (1178ms)
			LoadAssemblies (110ms)
			RebuildTransferFunctionScriptingTraits (0ms)
			SetupTypeCache (286ms)
			ReleaseScriptCaches (1ms)
			RebuildScriptCaches (95ms)
			SetupLoadedEditorAssemblies (627ms)
				LogAssemblyErrors (0ms)
				InitializePlatformSupportModulesInManaged (8ms)
				SetLoadedEditorAssemblies (1ms)
				RefreshPlugins (2ms)
				BeforeProcessingInitializeOnLoad (110ms)
				ProcessInitializeOnLoadAttributes (452ms)
				ProcessInitializeOnLoadMethodAttributes (44ms)
				AfterProcessingInitializeOnLoad (10ms)
				EditorAssembliesLoaded (0ms)
			ExecutionOrderSort2 (0ms)
			AwakeInstancesAfterBackupRestoration (9ms)
Platform modules already initialized, skipping
========================================================================
Worker process is ready to serve import requests
Launched and connected shader compiler UnityShaderCompiler.exe after 0.07 seconds
Refreshing native plugins compatible for Editor in 1.14 ms, found 3 plugins.
Preloading 0 native plugins for Editor in 0.00 ms.
Unloading 4062 Unused Serialized files (Serialized files now loaded: 0)
Unloading 37 unused Assets / (0.7 MB). Loaded Objects now: 4554.
Memory consumption went from 163.9 MB to 163.1 MB.
Total: 4.860900 ms (FindLiveObjects: 0.739900 ms CreateObjectMapping: 0.353700 ms MarkObjects: 3.387000 ms  DeleteObjects: 0.377600 ms)

AssetImportParameters requested are different than current active one (requested -> active):
  custom:video-decoder-ogg-theora: a1e56fd34408186e4bbccfd4996cb3dc -> 
  custom:container-muxer-webm: aa71ff27fc2769a1b78a27578f13a17b -> 
  custom:container-demuxer-webm: 4f35f7cbe854078d1ac9338744f61a02 -> 
  custom:video-encoder-webm-vp8: eb34c28f22e8b96e1ab97ce403110664 -> 
  custom:video-codec-MediaFoundation-h265: 746d11721c4dcdbdad8f713fa42b33f4 -> 
  custom:audio-encoder-webm-vorbis: bf7c407c2cedff20999df2af8eb42d56 -> 
  custom:framework-win-MediaFoundation: 216162199b28c13a410421893ffa2e32 -> 
  custom:container-demuxer-ogg: 62fdf1f143b41e24485cea50d1cbac27 -> 
  custom:video-decoder-webm-vp8: 9c59270c3fd7afecdb556c50c9e8de78 -> 
  custom:audio-decoder-ogg-vorbis: bf7c407c2cedff20999df2af8eb42d56 -> 
  custom:postprocessor/texturePreprocessor: 1909f56bfc062723c751e8b465ee728b -> fddcce16fbbf6d421052106c73ec1ddb
========================================================================
Received Import Request.
  Time since last request: 61352.756667 seconds.
  path: Assets/_SBS
  artifactKey: Guid(d6fab7736da5ace4284221531fee1ca9) Importer(815301076,1909f56bfc062723c751e8b465ee728b)
Start importing Assets/_SBS using Guid(d6fab7736da5ace4284221531fee1ca9) Importer(815301076,1909f56bfc062723c751e8b465ee728b)  -> (artifact id: '7ec5ed3dbd795dcfb3cf529d7f7cf689') in 0.019771 seconds 
========================================================================
Received Import Request.
  Time since last request: 0.064950 seconds.
  path: Assets/_SBS/Map.jpg
  artifactKey: Guid(8749848940d962842a4cc7a4738dc0e4) Importer(815301076,1909f56bfc062723c751e8b465ee728b)
Start importing Assets/_SBS/Map.jpg using Guid(8749848940d962842a4cc7a4738dc0e4) Importer(815301076,1909f56bfc062723c751e8b465ee728b)  -> (artifact id: '6ba2e518cecdbd502b7dead09594fd3e') in 0.086162 seconds 
========================================================================
Received Import Request.
  Time since last request: 4.329346 seconds.
  path: Assets/_TerrainAutoUpgrade/layer_asphalt3d3aba195e4d26ee.terrainlayer
  artifactKey: Guid(aa2d2b362fe65454380fd73dace698a7) Importer(815301076,1909f56bfc062723c751e8b465ee728b)
Start importing Assets/_TerrainAutoUpgrade/layer_asphalt3d3aba195e4d26ee.terrainlayer using Guid(aa2d2b362fe65454380fd73dace698a7) Importer(815301076,1909f56bfc062723c751e8b465ee728b)  -> (artifact id: '14d9208aeb075bee9b1a823bae208ef6') in 0.060864 seconds 
========================================================================
Received Import Request.
  Time since last request: 0.000071 seconds.
  path: Assets/_TerrainAutoUpgrade/layer_Sand33d3aba195e4d26ee.terrainlayer
  artifactKey: Guid(ba4d739f29d7e924f879ee7cda7bbf22) Importer(815301076,1909f56bfc062723c751e8b465ee728b)
Start importing Assets/_TerrainAutoUpgrade/layer_Sand33d3aba195e4d26ee.terrainlayer using Guid(ba4d739f29d7e924f879ee7cda7bbf22) Importer(815301076,1909f56bfc062723c751e8b465ee728b)  -> (artifact id: 'f6bfab1b37af3c48227ef2ccecfb6f8c') in 0.017455 seconds 
========================================================================
Received Import Request.
  Time since last request: 0.000053 seconds.
  path: Assets/_TerrainAutoUpgrade/layer_Sand13d3aba195e4d26ee.terrainlayer
  artifactKey: Guid(e0e7a268ce3a2324eab16fb7a0de101b) Importer(815301076,1909f56bfc062723c751e8b465ee728b)
Start importing Assets/_TerrainAutoUpgrade/layer_Sand13d3aba195e4d26ee.terrainlayer using Guid(e0e7a268ce3a2324eab16fb7a0de101b) Importer(815301076,1909f56bfc062723c751e8b465ee728b)  -> (artifact id: '5bdea6c05c95eadb83754610de5dc6c5') in 0.013612 seconds 
========================================================================
Received Import Request.
  Time since last request: 0.000044 seconds.
  path: Assets/_TerrainAutoUpgrade/layer_Sand23d3aba195e4d26ee.terrainlayer
  artifactKey: Guid(66ac3eb72a227db47b97d38c0244fc61) Importer(815301076,1909f56bfc062723c751e8b465ee728b)
Start importing Assets/_TerrainAutoUpgrade/layer_Sand23d3aba195e4d26ee.terrainlayer using Guid(66ac3eb72a227db47b97d38c0244fc61) Importer(815301076,1909f56bfc062723c751e8b465ee728b)  -> (artifact id: '1b69133dcb756a9d1f7ff66f5e47cbf4') in 0.011534 seconds 
========================================================================
Received Import Request.
  Time since last request: 0.000035 seconds.
  path: Assets/_TerrainAutoUpgrade/layer_GrassHillAlbedo3d3aba195e4d26ee.terrainlayer
  artifactKey: Guid(906891ff57f4e9f40aa9c8cd4db66320) Importer(815301076,1909f56bfc062723c751e8b465ee728b)
Start importing Assets/_TerrainAutoUpgrade/layer_GrassHillAlbedo3d3aba195e4d26ee.terrainlayer using Guid(906891ff57f4e9f40aa9c8cd4db66320) Importer(815301076,1909f56bfc062723c751e8b465ee728b)  -> (artifact id: 'd4ac7fa2ca66549af69704f94e44c994') in 0.011425 seconds 
========================================================================
Received Import Request.
  Time since last request: 0.000034 seconds.
  path: Assets/_TerrainAutoUpgrade/layer_GrassRockyAlbedo3d3aba195e4d26ee.terrainlayer
  artifactKey: Guid(a5bdc95e6403b1b44aefd5511c98d0b9) Importer(815301076,1909f56bfc062723c751e8b465ee728b)
Start importing Assets/_TerrainAutoUpgrade/layer_GrassRockyAlbedo3d3aba195e4d26ee.terrainlayer using Guid(a5bdc95e6403b1b44aefd5511c98d0b9) Importer(815301076,1909f56bfc062723c751e8b465ee728b)  -> (artifact id: 'b4557bab1dcb1511b048e382bf8bfe10') in 0.019080 seconds 
========================================================================
Received Import Request.
  Time since last request: 3.399696 seconds.
  path: Assets/_TrucsDuProf/_EXERCICE_BLOCKING_SOLUTION.prefab
  artifactKey: Guid(178c02e9985cbfc43bf6fa99b930c45c) Importer(815301076,1909f56bfc062723c751e8b465ee728b)
Start importing Assets/_TrucsDuProf/_EXERCICE_BLOCKING_SOLUTION.prefab using Guid(178c02e9985cbfc43bf6fa99b930c45c) Importer(815301076,1909f56bfc062723c751e8b465ee728b)  -> (artifact id: '7da46e6ffafbff4baeef9495fe2a9e42') in 0.346661 seconds 
========================================================================
Received Import Request.
  Time since last request: 15.166543 seconds.
  path: Assets/-TheGame/Test/ReflectionProbe-0.exr
  artifactKey: Guid(49143c0d1557847479f8fa183591919b) Importer(815301076,1909f56bfc062723c751e8b465ee728b)
Start importing Assets/-TheGame/Test/ReflectionProbe-0.exr using Guid(49143c0d1557847479f8fa183591919b) Importer(815301076,1909f56bfc062723c751e8b465ee728b)  -> (artifact id: 'd93e918287702c342bd031d22bb34f48') in 0.077847 seconds 
========================================================================
Received Import Request.
  Time since last request: 3.113027 seconds.
  path: Assets/-TheGame/FunAI/AI_Imp.prefab
  artifactKey: Guid(5e6c1d95cc6527746aa23b5e8a199131) Importer(815301076,1909f56bfc062723c751e8b465ee728b)
Start importing Assets/-TheGame/FunAI/AI_Imp.prefab using Guid(5e6c1d95cc6527746aa23b5e8a199131) Importer(815301076,1909f56bfc062723c751e8b465ee728b)  -> (artifact id: '7f74161a7cdca70ce84b7935b22009c9') in 0.351481 seconds 
========================================================================
Received Import Request.
  Time since last request: 0.000043 seconds.
  path: Assets/-TheGame/FunAI/KamikazeMat.mat
  artifactKey: Guid(31eb5405dbe652e4d9dfc552ecdb9a4b) Importer(815301076,1909f56bfc062723c751e8b465ee728b)
Start importing Assets/-TheGame/FunAI/KamikazeMat.mat using Guid(31eb5405dbe652e4d9dfc552ecdb9a4b) Importer(815301076,1909f56bfc062723c751e8b465ee728b)  -> (artifact id: '8dc118b167145b390108a5f66f461034') in 0.052645 seconds 
========================================================================
Received Import Request.
  Time since last request: 0.000045 seconds.
  path: Assets/-TheGame/FunAI/GolemMat.mat
  artifactKey: Guid(4f59f0c379cef4945a80170fd00fd2e4) Importer(815301076,1909f56bfc062723c751e8b465ee728b)
Start importing Assets/-TheGame/FunAI/GolemMat.mat using Guid(4f59f0c379cef4945a80170fd00fd2e4) Importer(815301076,1909f56bfc062723c751e8b465ee728b)  -> (artifact id: '700c1cc65ae7b0bef8c84bc1648a7042') in 0.041740 seconds 
========================================================================
Received Import Request.
  Time since last request: 0.000054 seconds.
  path: Assets/-TheGame/FunAI
  artifactKey: Guid(788cac60881d786488f0e879e51626f0) Importer(815301076,1909f56bfc062723c751e8b465ee728b)
Start importing Assets/-TheGame/FunAI using Guid(788cac60881d786488f0e879e51626f0) Importer(815301076,1909f56bfc062723c751e8b465ee728b)  -> (artifact id: '57ce1cee894af04000db9d49ba1ecd12') in 0.003881 seconds 
Editor requested this worker to shutdown with reason: Scaling down because of idle timeout
AssetImportWorker is now disconnected from the server
Process exiting
Exiting without the bug reporter. Application will terminate with return code 0